<?xml version="1.0" encoding="UTF-8"?>
<!-- Generated by org.testng.reporters.JUnitReportReporter -->
<testsuite hostname="LAPTOP-ADVMUNA5" failures="0" tests="1" name="Testpac.class1" time="2.752" errors="0" timestamp="2025-03-29T15:25:23 IST" skipped="0">
  <testcase classname="Testpac.class1" name="VerifyLoginPage" time="2.752"/>
</testsuite> <!-- Testpac.class1 -->
