<?xml version="1.0" encoding="UTF-8"?>
<!-- Generated by org.testng.reporters.JUnitReportReporter -->
<testsuite hostname="LAPTOP-ADVMUNA5" failures="0" tests="1" name="Testpac.NewTest" time="12.008" errors="0" timestamp="2025-03-29T11:21:21 IST" skipped="0">
  <testcase classname="Testpac.NewTest" name="VerifyLoginPage" time="12.008"/>
</testsuite> <!-- Testpac.NewTest -->
